TN:
SF:/home/duck_killer/base64/src/base64/base64.hh
FN:52,_Z13char_to_indexh
FN:64,_Z19base64_encoded_sizem
FN:79,_Z13base64_encodePKcmPc
FN:112,_Z23base64_max_decoded_sizem
FN:128,_Z13base64_decodePKcmPc
FNDA:8,_Z13base64_decodePKcmPc
FNDA:4,_Z19base64_encoded_sizem
FNDA:3,_Z13base64_encodePKcmPc
FNDA:45,_Z13char_to_indexh
FNDA:7,_Z23base64_max_decoded_sizem
FNF:5
FNH:5
BRDA:53,0,0,1
BRDA:53,0,1,44
BRDA:54,0,0,1
BRDA:54,0,1,0
BRDA:57,0,0,1
BRDA:57,0,1,43
BRDA:58,0,0,1
BRDA:58,0,1,0
BRDA:65,0,0,1
BRDA:65,0,1,3
BRDA:66,0,0,1
BRDA:66,0,1,0
BRDA:81,0,0,2
BRDA:81,0,1,1
BRDA:82,0,0,6
BRDA:82,0,1,3
BRDA:93,0,0,1
BRDA:93,0,1,2
BRDA:100,0,0,1
BRDA:100,0,1,1
BRDA:130,0,0,1
BRDA:130,0,1,7
BRDA:131,0,0,1
BRDA:131,0,1,0
BRDA:133,0,0,1
BRDA:133,0,1,6
BRDA:137,0,0,6
BRDA:137,0,1,6
BRDA:139,0,0,6
BRDA:139,0,1,0
BRDA:140,0,0,6
BRDA:140,0,1,0
BRDA:141,0,0,6
BRDA:141,0,1,0
BRDA:142,0,0,6
BRDA:142,0,1,0
BRDA:149,0,0,2
BRDA:149,0,1,4
BRDA:149,0,2,1
BRDA:149,0,3,1
BRDA:151,0,0,1
BRDA:151,0,1,0
BRDA:152,0,0,1
BRDA:152,0,1,0
BRDA:154,0,0,1
BRDA:154,0,1,4
BRDA:156,0,0,1
BRDA:156,0,1,0
BRDA:157,0,0,1
BRDA:157,0,1,0
BRDA:158,0,0,1
BRDA:158,0,1,0
BRDA:163,0,0,4
BRDA:163,0,1,0
BRDA:164,0,0,4
BRDA:164,0,1,0
BRDA:165,0,0,4
BRDA:165,0,1,0
BRDA:166,0,0,2
BRDA:166,0,1,2
BRF:60
BRH:44
DA:52,45
DA:53,45
DA:54,1
DA:56,44
DA:57,44
DA:58,1
DA:60,43
DA:64,4
DA:65,4
DA:66,1
DA:68,3
DA:79,3
DA:80,3
DA:81,3
DA:82,9
DA:83,6
DA:84,6
DA:85,6
DA:86,6
DA:87,6
DA:88,6
DA:89,6
DA:90,6
DA:91,6
DA:93,3
DA:94,1
DA:95,1
DA:96,1
DA:97,1
DA:98,1
DA:99,1
DA:100,2
DA:101,1
DA:102,1
DA:103,1
DA:104,1
DA:105,1
DA:106,1
DA:107,1
DA:109,3
DA:112,7
DA:113,7
DA:128,8
DA:129,8
DA:130,8
DA:131,1
DA:133,7
DA:134,1
DA:136,6
DA:137,12
DA:138,6
DA:139,6
DA:140,6
DA:141,6
DA:142,6
DA:143,6
DA:144,6
DA:145,6
DA:146,6
DA:149,6
DA:150,1
DA:151,1
DA:152,1
DA:153,1
DA:154,5
DA:155,1
DA:156,1
DA:157,1
DA:158,1
DA:159,1
DA:160,1
DA:162,4
DA:163,4
DA:164,4
DA:165,4
DA:166,4
DA:167,2
DA:168,2
DA:169,2
DA:171,4
LF:80
LH:80
end_of_record
TN:
SF:/home/duck_killer/base64/src/base64/base64_test.cc
FN:8,_ZN23base64_encode_rem0_TestC2Ev
FN:8,_ZN23base64_encode_rem0_Test8TestBodyEv
FN:19,_ZN23base64_decode_rem0_Test8TestBodyEv
FN:19,_ZN23base64_decode_rem0_TestC2Ev
FN:28,_ZN31base64_encode__decode_rem1_TestC2Ev
FN:28,_ZN31base64_encode__decode_rem1_Test8TestBodyEv
FN:46,_ZN30base64_encode_decode_rem2_Test8TestBodyEv
FN:46,_ZN30base64_encode_decode_rem2_TestC2Ev
FN:64,_ZN26base64_decode_last_if_Test8TestBodyEv
FN:64,_ZN26base64_decode_last_if_TestC2Ev
FN:74,_ZN24base64_decode_len_0_TestC2Ev
FN:74,_ZN24base64_decode_len_0_Test8TestBodyEv
FN:80,_ZN24base64_length_error_TestC2Ev
FN:80,_ZN24base64_length_error_Test8TestBodyEv
FN:98,_ZN29decode_test_catch_errors_Test13AddToRegistryEv
FN:98,_ZN29decode_test_catch_errors_TestC2Ev
FN:98,_ZN29decode_test_catch_errors_Test8TestBodyEv
FN:115,_ZL36gtest__decode_test_EvalGenerateName_RKN7testing13TestParamInfoI12decode_paramEE
FN:115,_ZL33gtest__decode_test_EvalGenerator_v
FNDA:3,_ZN29decode_test_catch_errors_Test8TestBodyEv
FNDA:1,_ZN30base64_encode_decode_rem2_Test8TestBodyEv
FNDA:1,_ZN30base64_encode_decode_rem2_TestC2Ev
FNDA:1,_ZN24base64_decode_len_0_TestC2Ev
FNDA:1,_ZN31base64_encode__decode_rem1_TestC2Ev
FNDA:1,_ZN24base64_decode_len_0_Test8TestBodyEv
FNDA:1,_ZN23base64_decode_rem0_Test8TestBodyEv
FNDA:1,_ZN23base64_decode_rem0_TestC2Ev
FNDA:1,_ZN23base64_encode_rem0_Test8TestBodyEv
FNDA:1,_ZN24base64_length_error_Test8TestBodyEv
FNDA:1,_ZN31base64_encode__decode_rem1_Test8TestBodyEv
FNDA:1,_ZN26base64_decode_last_if_Test8TestBodyEv
FNDA:1,_ZN26base64_decode_last_if_TestC2Ev
FNDA:1,_ZN24base64_length_error_TestC2Ev
FNDA:1,_ZN29decode_test_catch_errors_Test13AddToRegistryEv
FNDA:1,_ZN23base64_encode_rem0_TestC2Ev
FNDA:3,_ZL36gtest__decode_test_EvalGenerateName_RKN7testing13TestParamInfoI12decode_paramEE
FNDA:3,_ZN29decode_test_catch_errors_TestC2Ev
FNDA:1,_ZL33gtest__decode_test_EvalGenerator_v
FNF:19
FNH:19
BRDA:9,0,0,1
BRDA:9,0,1,0
BRDA:10,0,0,1
BRDA:10,0,1,0
BRDA:12,0,0,1
BRDA:12,0,1,0
BRDA:12,0,2,1
BRDA:12,0,3,0
BRDA:14,0,0,1
BRDA:14,0,1,0
BRDA:15,0,0,1
BRDA:15,0,1,0
BRDA:15,0,2,0
BRDA:15,0,3,1
BRDA:15,0,4,0
BRDA:15,0,5,0
BRDA:15,0,6,0
BRDA:15,0,7,0
BRDA:15,0,8,0
BRDA:15,0,9,0
BRDA:20,0,0,1
BRDA:20,0,1,0
BRDA:21,0,0,1
BRDA:21,0,1,0
BRDA:24,0,0,1
BRDA:24,0,1,0
BRDA:25,0,0,1
BRDA:25,0,1,0
BRDA:25,0,2,1
BRDA:25,0,3,0
BRDA:26,0,0,1
BRDA:26,0,1,0
BRDA:26,0,2,0
BRDA:26,0,3,1
BRDA:26,0,4,0
BRDA:26,0,5,0
BRDA:26,0,6,0
BRDA:26,0,7,0
BRDA:26,0,8,0
BRDA:26,0,9,0
BRDA:29,0,0,1
BRDA:29,0,1,0
BRDA:31,0,0,1
BRDA:31,0,1,0
BRDA:33,0,0,1
BRDA:33,0,1,0
BRDA:33,0,2,1
BRDA:33,0,3,0
BRDA:35,0,0,1
BRDA:35,0,1,0
BRDA:36,0,0,1
BRDA:36,0,1,0
BRDA:36,0,2,0
BRDA:36,0,3,1
BRDA:36,0,4,0
BRDA:36,0,5,0
BRDA:36,0,6,0
BRDA:36,0,7,0
BRDA:36,0,8,0
BRDA:36,0,9,0
BRDA:39,0,0,1
BRDA:39,0,1,0
BRDA:41,0,0,1
BRDA:41,0,1,0
BRDA:41,0,2,1
BRDA:41,0,3,0
BRDA:42,0,0,1
BRDA:42,0,1,0
BRDA:43,0,0,1
BRDA:43,0,1,0
BRDA:43,0,2,0
BRDA:43,0,3,1
BRDA:43,0,4,0
BRDA:43,0,5,0
BRDA:43,0,6,0
BRDA:43,0,7,0
BRDA:43,0,8,0
BRDA:43,0,9,0
BRDA:47,0,0,1
BRDA:47,0,1,0
BRDA:49,0,0,1
BRDA:49,0,1,0
BRDA:51,0,0,1
BRDA:51,0,1,0
BRDA:51,0,2,1
BRDA:51,0,3,0
BRDA:53,0,0,1
BRDA:53,0,1,0
BRDA:54,0,0,1
BRDA:54,0,1,0
BRDA:54,0,2,0
BRDA:54,0,3,1
BRDA:54,0,4,0
BRDA:54,0,5,0
BRDA:54,0,6,0
BRDA:54,0,7,0
BRDA:54,0,8,0
BRDA:54,0,9,0
BRDA:57,0,0,1
BRDA:57,0,1,0
BRDA:59,0,0,1
BRDA:59,0,1,0
BRDA:59,0,2,1
BRDA:59,0,3,0
BRDA:60,0,0,1
BRDA:60,0,1,0
BRDA:61,0,0,1
BRDA:61,0,1,0
BRDA:61,0,2,0
BRDA:61,0,3,1
BRDA:61,0,4,0
BRDA:61,0,5,0
BRDA:61,0,6,0
BRDA:61,0,7,0
BRDA:61,0,8,0
BRDA:61,0,9,0
BRDA:65,0,0,1
BRDA:65,0,1,0
BRDA:65,0,2,1
BRDA:65,0,3,0
BRDA:65,0,4,1
BRDA:65,0,5,0
BRDA:65,0,6,1
BRDA:65,0,7,0
BRDA:66,0,0,1
BRDA:66,0,1,0
BRDA:68,0,0,1
BRDA:68,0,1,0
BRDA:69,0,0,1
BRDA:69,0,1,0
BRDA:69,0,2,1
BRDA:69,0,3,0
BRDA:70,0,0,1
BRDA:70,0,1,0
BRDA:70,0,2,0
BRDA:70,0,3,1
BRDA:70,0,4,0
BRDA:70,0,5,0
BRDA:70,0,6,0
BRDA:70,0,7,0
BRDA:70,0,8,0
BRDA:70,0,9,0
BRDA:75,0,0,1
BRDA:75,0,1,0
BRDA:76,0,0,1
BRDA:76,0,1,0
BRDA:76,0,2,1
BRDA:76,0,3,0
BRDA:77,0,0,1
BRDA:77,0,1,0
BRDA:77,0,2,0
BRDA:77,0,3,1
BRDA:77,0,4,0
BRDA:77,0,5,0
BRDA:77,0,6,0
BRDA:77,0,7,0
BRDA:77,0,8,0
BRDA:77,0,9,0
BRDA:82,0,0,0
BRDA:82,0,1,1
BRDA:83,0,0,-
BRDA:83,0,1,-
BRDA:83,0,2,-
BRDA:83,0,3,-
BRDA:83,0,4,-
BRDA:83,0,5,-
BRDA:83,0,6,-
BRDA:83,0,7,-
BRDA:84,0,0,0
BRDA:84,0,1,1
BRDA:85,0,0,1
BRDA:85,0,1,0
BRDA:85,0,2,1
BRDA:85,0,3,0
BRDA:85,0,4,0
BRDA:85,0,5,1
BRDA:85,0,6,0
BRDA:85,0,7,0
BRDA:85,0,8,0
BRDA:85,0,9,0
BRDA:85,0,10,0
BRDA:85,0,11,0
BRDA:98,0,0,1
BRDA:98,0,1,0
BRDA:98,0,2,1
BRDA:98,0,3,0
BRDA:98,0,4,1
BRDA:98,0,5,0
BRDA:98,0,6,1
BRDA:98,0,7,0
BRDA:98,0,8,1
BRDA:98,0,9,0
BRDA:99,0,0,3
BRDA:99,0,1,0
BRDA:102,0,0,3
BRDA:102,0,1,0
BRDA:103,0,0,3
BRDA:103,0,1,0
BRDA:103,0,2,0
BRDA:103,0,3,3
BRDA:104,0,0,-
BRDA:104,0,1,-
BRDA:104,0,2,-
BRDA:104,0,3,-
BRDA:104,0,4,-
BRDA:104,0,5,-
BRDA:104,0,6,-
BRDA:104,0,7,-
BRDA:106,0,0,0
BRDA:106,0,1,3
BRDA:106,0,2,0
BRDA:107,0,0,3
BRDA:107,0,1,0
BRDA:107,0,2,0
BRDA:107,0,3,3
BRDA:107,0,4,0
BRDA:107,0,5,0
BRDA:107,0,6,0
BRDA:107,0,7,0
BRDA:107,0,8,0
BRDA:107,0,9,0
BRDA:110,0,0,0
BRDA:110,0,1,0
BRDA:110,0,2,0
BRDA:110,0,3,0
BRDA:110,0,4,0
BRDA:110,0,5,0
BRDA:110,0,6,0
BRDA:110,0,7,0
BRDA:110,0,8,0
BRDA:110,0,9,0
BRDA:115,0,0,1
BRDA:115,0,1,3
BRDA:115,0,2,1
BRDA:115,0,3,0
BRDA:115,0,4,1
BRDA:115,0,5,0
BRDA:115,0,6,1
BRDA:115,0,7,0
BRDA:115,0,8,1
BRDA:115,0,9,0
BRDA:115,0,10,1
BRDA:115,0,11,0
BRDA:115,0,12,1
BRDA:115,0,13,0
BRDA:115,0,14,1
BRDA:115,0,15,0
BRDA:115,0,16,1
BRDA:115,0,17,0
BRDA:115,0,18,0
BRDA:115,0,19,0
BRF:251
BRH:82
DA:8,2
DA:9,2
DA:10,2
DA:11,2
DA:12,1
DA:14,1
DA:15,1
DA:17,1
DA:19,2
DA:20,2
DA:21,2
DA:22,2
DA:24,1
DA:25,1
DA:26,1
DA:27,1
DA:28,2
DA:29,2
DA:31,2
DA:32,2
DA:33,1
DA:35,1
DA:36,1
DA:38,2
DA:39,1
DA:41,1
DA:42,1
DA:43,1
DA:44,1
DA:46,2
DA:47,2
DA:49,2
DA:50,2
DA:51,1
DA:53,1
DA:54,1
DA:56,2
DA:57,1
DA:59,1
DA:60,1
DA:61,1
DA:62,1
DA:64,2
DA:65,3
DA:66,2
DA:67,2
DA:68,1
DA:69,1
DA:70,1
DA:71,1
DA:74,2
DA:75,3
DA:76,1
DA:77,1
DA:78,1
DA:80,2
DA:82,1
DA:83,0
DA:84,2
DA:85,1
DA:98,7
DA:99,3
DA:100,3
DA:102,3
DA:103,3
DA:104,0
DA:106,6
DA:107,3
DA:109,0
DA:110,0
DA:115,7
LF:71
LH:67
end_of_record
TN:
SF:/home/duck_killer/base64/src/base64/main.cc
FN:3,main
FNDA:0,main
FNF:1
FNH:0
BRDA:4,0,0,-
BRDA:4,0,1,-
BRDA:5,0,0,-
BRDA:5,0,1,-
BRDA:8,0,0,-
BRDA:8,0,1,-
BRDA:10,0,0,-
BRDA:10,0,1,-
BRDA:10,0,2,-
BRDA:10,0,3,-
BRDA:11,0,0,-
BRDA:11,0,1,-
BRDA:12,0,0,-
BRDA:12,0,1,-
BRDA:12,0,2,-
BRDA:12,0,3,-
BRDA:14,0,0,-
BRDA:14,0,1,-
BRDA:15,0,0,-
BRDA:15,0,1,-
BRDA:15,0,2,-
BRDA:15,0,3,-
BRDA:16,0,0,-
BRDA:16,0,1,-
BRDA:17,0,0,-
BRDA:17,0,1,-
BRDA:17,0,2,-
BRDA:17,0,3,-
BRF:28
BRH:0
DA:3,0
DA:4,0
DA:5,0
DA:6,0
DA:8,0
DA:9,0
DA:10,0
DA:11,0
DA:12,0
DA:13,0
DA:14,0
DA:15,0
DA:16,0
DA:17,0
DA:18,0
LF:15
LH:0
end_of_record
