TN:
SF:/home/duck_killer/base64/src/base64/base64.hh
FN:49,_Z13char_to_indexh
FN:61,_Z19base64_encoded_sizem
FN:69,_Z13base64_encodePKcmPc
FN:102,_Z23base64_max_decoded_sizem
FN:107,_Z13base64_decodePKcmPc
FNDA:9,_Z19base64_encoded_sizem
FNDA:12,_Z13base64_decodePKcmPc
FNDA:82,_Z13char_to_indexh
FNDA:11,_Z23base64_max_decoded_sizem
FNDA:8,_Z13base64_encodePKcmPc
FNF:5
FNH:5
BRDA:50,0,0,1
BRDA:50,0,1,81
BRDA:51,0,0,1
BRDA:51,0,1,0
BRDA:54,0,0,1
BRDA:54,0,1,80
BRDA:55,0,0,1
BRDA:55,0,1,0
BRDA:62,0,0,1
BRDA:62,0,1,8
BRDA:63,0,0,1
BRDA:63,0,1,0
BRDA:71,0,0,4
BRDA:71,0,1,4
BRDA:72,0,0,16
BRDA:72,0,1,8
BRDA:83,0,0,2
BRDA:83,0,1,6
BRDA:90,0,0,2
BRDA:90,0,1,4
BRDA:109,0,0,1
BRDA:109,0,1,11
BRDA:110,0,0,1
BRDA:110,0,1,0
BRDA:112,0,0,1
BRDA:112,0,1,10
BRDA:116,0,0,12
BRDA:116,0,1,10
BRDA:118,0,0,12
BRDA:118,0,1,0
BRDA:119,0,0,12
BRDA:119,0,1,0
BRDA:120,0,0,12
BRDA:120,0,1,0
BRDA:121,0,0,12
BRDA:121,0,1,0
BRDA:128,0,0,2
BRDA:128,0,1,8
BRDA:128,0,2,2
BRDA:128,0,3,0
BRDA:130,0,0,2
BRDA:130,0,1,0
BRDA:131,0,0,2
BRDA:131,0,1,0
BRDA:133,0,0,2
BRDA:133,0,1,6
BRDA:135,0,0,2
BRDA:135,0,1,0
BRDA:136,0,0,2
BRDA:136,0,1,0
BRDA:137,0,0,2
BRDA:137,0,1,0
BRDA:142,0,0,6
BRDA:142,0,1,0
BRDA:143,0,0,6
BRDA:143,0,1,0
BRDA:144,0,0,6
BRDA:144,0,1,0
BRDA:145,0,0,4
BRDA:145,0,1,2
BRF:60
BRH:43
DA:49,82
DA:50,82
DA:51,1
DA:53,81
DA:54,81
DA:55,1
DA:57,80
DA:61,9
DA:62,9
DA:63,1
DA:65,8
DA:69,8
DA:70,8
DA:71,8
DA:72,24
DA:73,16
DA:74,16
DA:75,16
DA:76,16
DA:77,16
DA:78,16
DA:79,16
DA:80,16
DA:81,16
DA:83,8
DA:84,2
DA:85,2
DA:86,2
DA:87,2
DA:88,2
DA:89,2
DA:90,6
DA:91,2
DA:92,2
DA:93,2
DA:94,2
DA:95,2
DA:96,2
DA:97,2
DA:99,8
DA:102,11
DA:103,11
DA:107,12
DA:108,12
DA:109,12
DA:110,1
DA:112,11
DA:113,1
DA:115,10
DA:116,22
DA:117,12
DA:118,12
DA:119,12
DA:120,12
DA:121,12
DA:122,12
DA:123,12
DA:124,12
DA:125,12
DA:128,10
DA:129,2
DA:130,2
DA:131,2
DA:132,2
DA:133,8
DA:134,2
DA:135,2
DA:136,2
DA:137,2
DA:138,2
DA:139,2
DA:141,6
DA:142,6
DA:143,6
DA:144,6
DA:145,6
DA:146,4
DA:147,4
DA:148,4
DA:150,8
LF:80
LH:80
end_of_record
TN:
SF:/home/duck_killer/base64/src/base64/base64_test.cc
FN:8,_ZN23base64_encode_rem0_TestC2Ev
FN:8,_ZN23base64_encode_rem0_Test8TestBodyEv
FN:19,_ZN23base64_decode_rem0_Test8TestBodyEv
FN:19,_ZN23base64_decode_rem0_TestC2Ev
FN:28,_ZN31base64_encode__decode_rem1_TestC2Ev
FN:28,_ZN31base64_encode__decode_rem1_Test8TestBodyEv
FN:46,_ZN30base64_encode_decode_rem2_Test8TestBodyEv
FN:46,_ZN30base64_encode_decode_rem2_TestC2Ev
FN:64,_ZN24base64_decode_len_0_Test8TestBodyEv
FN:64,_ZN24base64_decode_len_0_TestC2Ev
FN:70,_ZN24base64_length_error_TestC2Ev
FN:70,_ZN24base64_length_error_Test8TestBodyEv
FN:88,_ZN29decode_test_catch_errors_Test13AddToRegistryEv
FN:88,_ZN29decode_test_catch_errors_TestC2Ev
FN:88,_ZN29decode_test_catch_errors_Test8TestBodyEv
FN:105,_ZL36gtest__decode_test_EvalGenerateName_RKN7testing13TestParamInfoI12decode_paramEE
FN:105,_ZL33gtest__decode_test_EvalGenerator_v
FNDA:1,_ZN24base64_length_error_TestC2Ev
FNDA:1,_ZN29decode_test_catch_errors_Test13AddToRegistryEv
FNDA:1,_ZN30base64_encode_decode_rem2_Test8TestBodyEv
FNDA:1,_ZN23base64_decode_rem0_Test8TestBodyEv
FNDA:1,_ZN23base64_decode_rem0_TestC2Ev
FNDA:1,_ZN23base64_encode_rem0_TestC2Ev
FNDA:3,_ZN29decode_test_catch_errors_Test8TestBodyEv
FNDA:1,_ZN23base64_encode_rem0_Test8TestBodyEv
FNDA:1,_ZN24base64_decode_len_0_TestC2Ev
FNDA:1,_ZN30base64_encode_decode_rem2_TestC2Ev
FNDA:1,_ZN24base64_length_error_Test8TestBodyEv
FNDA:3,_ZN29decode_test_catch_errors_TestC2Ev
FNDA:3,_ZL36gtest__decode_test_EvalGenerateName_RKN7testing13TestParamInfoI12decode_paramEE
FNDA:1,_ZN31base64_encode__decode_rem1_Test8TestBodyEv
FNDA:1,_ZL33gtest__decode_test_EvalGenerator_v
FNDA:1,_ZN24base64_decode_len_0_Test8TestBodyEv
FNDA:1,_ZN31base64_encode__decode_rem1_TestC2Ev
FNF:17
FNH:17
BRDA:9,0,0,1
BRDA:9,0,1,0
BRDA:10,0,0,1
BRDA:10,0,1,0
BRDA:12,0,0,1
BRDA:12,0,1,0
BRDA:12,0,2,1
BRDA:12,0,3,0
BRDA:14,0,0,1
BRDA:14,0,1,0
BRDA:15,0,0,1
BRDA:15,0,1,0
BRDA:15,0,2,0
BRDA:15,0,3,1
BRDA:15,0,4,0
BRDA:15,0,5,0
BRDA:15,0,6,0
BRDA:15,0,7,0
BRDA:15,0,8,0
BRDA:15,0,9,0
BRDA:20,0,0,1
BRDA:20,0,1,0
BRDA:21,0,0,1
BRDA:21,0,1,0
BRDA:24,0,0,1
BRDA:24,0,1,0
BRDA:25,0,0,1
BRDA:25,0,1,0
BRDA:25,0,2,1
BRDA:25,0,3,0
BRDA:26,0,0,1
BRDA:26,0,1,0
BRDA:26,0,2,0
BRDA:26,0,3,1
BRDA:26,0,4,0
BRDA:26,0,5,0
BRDA:26,0,6,0
BRDA:26,0,7,0
BRDA:26,0,8,0
BRDA:26,0,9,0
BRDA:29,0,0,1
BRDA:29,0,1,0
BRDA:31,0,0,1
BRDA:31,0,1,0
BRDA:33,0,0,1
BRDA:33,0,1,0
BRDA:33,0,2,1
BRDA:33,0,3,0
BRDA:35,0,0,1
BRDA:35,0,1,0
BRDA:36,0,0,1
BRDA:36,0,1,0
BRDA:36,0,2,0
BRDA:36,0,3,1
BRDA:36,0,4,0
BRDA:36,0,5,0
BRDA:36,0,6,0
BRDA:36,0,7,0
BRDA:36,0,8,0
BRDA:36,0,9,0
BRDA:39,0,0,1
BRDA:39,0,1,0
BRDA:41,0,0,1
BRDA:41,0,1,0
BRDA:41,0,2,1
BRDA:41,0,3,0
BRDA:42,0,0,1
BRDA:42,0,1,0
BRDA:43,0,0,1
BRDA:43,0,1,0
BRDA:43,0,2,0
BRDA:43,0,3,1
BRDA:43,0,4,0
BRDA:43,0,5,0
BRDA:43,0,6,0
BRDA:43,0,7,0
BRDA:43,0,8,0
BRDA:43,0,9,0
BRDA:47,0,0,1
BRDA:47,0,1,0
BRDA:49,0,0,1
BRDA:49,0,1,0
BRDA:51,0,0,1
BRDA:51,0,1,0
BRDA:51,0,2,1
BRDA:51,0,3,0
BRDA:53,0,0,1
BRDA:53,0,1,0
BRDA:54,0,0,1
BRDA:54,0,1,0
BRDA:54,0,2,0
BRDA:54,0,3,1
BRDA:54,0,4,0
BRDA:54,0,5,0
BRDA:54,0,6,0
BRDA:54,0,7,0
BRDA:54,0,8,0
BRDA:54,0,9,0
BRDA:57,0,0,1
BRDA:57,0,1,0
BRDA:59,0,0,1
BRDA:59,0,1,0
BRDA:59,0,2,1
BRDA:59,0,3,0
BRDA:60,0,0,1
BRDA:60,0,1,0
BRDA:61,0,0,1
BRDA:61,0,1,0
BRDA:61,0,2,0
BRDA:61,0,3,1
BRDA:61,0,4,0
BRDA:61,0,5,0
BRDA:61,0,6,0
BRDA:61,0,7,0
BRDA:61,0,8,0
BRDA:61,0,9,0
BRDA:65,0,0,1
BRDA:65,0,1,0
BRDA:66,0,0,1
BRDA:66,0,1,0
BRDA:66,0,2,1
BRDA:66,0,3,0
BRDA:67,0,0,1
BRDA:67,0,1,0
BRDA:67,0,2,0
BRDA:67,0,3,1
BRDA:67,0,4,0
BRDA:67,0,5,0
BRDA:67,0,6,0
BRDA:67,0,7,0
BRDA:67,0,8,0
BRDA:67,0,9,0
BRDA:72,0,0,0
BRDA:72,0,1,1
BRDA:73,0,0,-
BRDA:73,0,1,-
BRDA:73,0,2,-
BRDA:73,0,3,-
BRDA:73,0,4,-
BRDA:73,0,5,-
BRDA:73,0,6,-
BRDA:73,0,7,-
BRDA:74,0,0,0
BRDA:74,0,1,1
BRDA:75,0,0,1
BRDA:75,0,1,0
BRDA:75,0,2,1
BRDA:75,0,3,0
BRDA:75,0,4,0
BRDA:75,0,5,1
BRDA:75,0,6,0
BRDA:75,0,7,0
BRDA:75,0,8,0
BRDA:75,0,9,0
BRDA:75,0,10,0
BRDA:75,0,11,0
BRDA:88,0,0,1
BRDA:88,0,1,0
BRDA:88,0,2,1
BRDA:88,0,3,0
BRDA:88,0,4,1
BRDA:88,0,5,0
BRDA:88,0,6,1
BRDA:88,0,7,0
BRDA:88,0,8,1
BRDA:88,0,9,0
BRDA:89,0,0,3
BRDA:89,0,1,0
BRDA:92,0,0,3
BRDA:92,0,1,0
BRDA:93,0,0,3
BRDA:93,0,1,0
BRDA:93,0,2,0
BRDA:93,0,3,3
BRDA:94,0,0,-
BRDA:94,0,1,-
BRDA:94,0,2,-
BRDA:94,0,3,-
BRDA:94,0,4,-
BRDA:94,0,5,-
BRDA:94,0,6,-
BRDA:94,0,7,-
BRDA:96,0,0,0
BRDA:96,0,1,3
BRDA:96,0,2,0
BRDA:97,0,0,3
BRDA:97,0,1,0
BRDA:97,0,2,0
BRDA:97,0,3,3
BRDA:97,0,4,0
BRDA:97,0,5,0
BRDA:97,0,6,0
BRDA:97,0,7,0
BRDA:97,0,8,0
BRDA:97,0,9,0
BRDA:100,0,0,0
BRDA:100,0,1,0
BRDA:100,0,2,0
BRDA:100,0,3,0
BRDA:100,0,4,0
BRDA:100,0,5,0
BRDA:100,0,6,0
BRDA:100,0,7,0
BRDA:100,0,8,0
BRDA:100,0,9,0
BRDA:105,0,0,1
BRDA:105,0,1,3
BRDA:105,0,2,1
BRDA:105,0,3,0
BRDA:105,0,4,1
BRDA:105,0,5,0
BRDA:105,0,6,1
BRDA:105,0,7,0
BRDA:105,0,8,1
BRDA:105,0,9,0
BRDA:105,0,10,1
BRDA:105,0,11,0
BRDA:105,0,12,1
BRDA:105,0,13,0
BRDA:105,0,14,1
BRDA:105,0,15,0
BRDA:105,0,16,1
BRDA:105,0,17,0
BRDA:105,0,18,0
BRDA:105,0,19,0
BRF:225
BRH:72
DA:8,2
DA:9,2
DA:10,2
DA:11,2
DA:12,1
DA:14,1
DA:15,1
DA:17,1
DA:19,2
DA:20,2
DA:21,2
DA:22,2
DA:24,1
DA:25,1
DA:26,1
DA:27,1
DA:28,2
DA:29,2
DA:31,2
DA:32,2
DA:33,1
DA:35,1
DA:36,1
DA:38,2
DA:39,1
DA:41,1
DA:42,1
DA:43,1
DA:44,1
DA:46,2
DA:47,2
DA:49,2
DA:50,2
DA:51,1
DA:53,1
DA:54,1
DA:56,2
DA:57,1
DA:59,1
DA:60,1
DA:61,1
DA:62,1
DA:64,2
DA:65,3
DA:66,1
DA:67,1
DA:68,1
DA:70,2
DA:72,1
DA:73,0
DA:74,2
DA:75,1
DA:88,7
DA:89,3
DA:90,3
DA:92,3
DA:93,3
DA:94,0
DA:96,6
DA:97,3
DA:99,0
DA:100,0
DA:105,7
LF:63
LH:59
end_of_record
TN:
SF:/home/duck_killer/base64/src/base64/main.cc
FN:3,main
FNDA:5,main
FNF:1
FNH:1
BRDA:4,0,0,0
BRDA:4,0,1,5
BRDA:5,0,0,-
BRDA:5,0,1,-
BRDA:8,0,0,5
BRDA:8,0,1,0
BRDA:10,0,0,5
BRDA:10,0,1,0
BRDA:10,0,2,5
BRDA:10,0,3,0
BRDA:11,0,0,5
BRDA:11,0,1,0
BRDA:12,0,0,5
BRDA:12,0,1,0
BRDA:12,0,2,5
BRDA:12,0,3,0
BRDA:14,0,0,5
BRDA:14,0,1,0
BRDA:15,0,0,5
BRDA:15,0,1,0
BRDA:15,0,2,5
BRDA:15,0,3,0
BRDA:16,0,0,5
BRDA:16,0,1,0
BRDA:17,0,0,5
BRDA:17,0,1,0
BRDA:17,0,2,5
BRDA:17,0,3,0
BRF:28
BRH:13
DA:3,5
DA:4,5
DA:5,0
DA:6,0
DA:8,10
DA:9,10
DA:10,5
DA:11,5
DA:12,5
DA:13,5
DA:14,5
DA:15,5
DA:16,5
DA:17,5
DA:18,5
LF:15
LH:13
end_of_record
